<?xml version="1.0" encoding="UTF-8"?>
<testsuite xmlns:xsi="http://www.w3.org/2001/XMLSchema-instance" xsi:noNamespaceSchemaLocation="https://maven.apache.org/surefire/maven-surefire-plugin/xsd/surefire-test-report.xsd" version="3.0.2" name="io.cucumber.junit.platform.engine.CucumberTestEngine" time="8.639" tests="6" errors="0" skipped="0" failures="0">
  <properties>
[...]
</properties>
  <testcase name="System Integration Tests - Multi-Service Workflows - User Registration and Profile Creation Flow" classname="System Integration Tests - Multi-Service Workflows" time="6.913">
    <system-out><![CDATA[
@system @integration
Scenario: User Registration and Profile Creation Flow                                     &amp#27;[90m# src/test/resources/features/system/system_integration_tests.feature:4&amp#27;[0m

============================================================
STARTING: User Registration and Profile Creation Flow
Feature: system/system_integration_tests.feature
Tags: [@system, @integration]
============================================================
  -> Clearing all system data
  &amp#27;[32mGiven &amp#27;[0m&amp#27;[32mI clear all system data&amp#27;[0m                                                           &amp#27;[90m# steps.SystemIntegrationSteps.iClearAllSystemData()&amp#27;[0m
  -> Registering user: integration.user@reqres.in
>>> POST /api/register
<<< ERROR (401)
    {"error":"Missing API key.","how_to_get_one":"https://reqres.in/signup"}

Registration failed: Missing API key.
Registration failed: Missing API key.
  &amp#27;[32mWhen &amp#27;[0m&amp#27;[32mI register a user with email &amp#27;[0m&amp#27;[32m&amp#27;[1m"integration.user@reqres.in"&amp#27;[0m&amp#27;[32m and password &amp#27;[0m&amp#27;[32m&amp#27;[1m"secure123"&amp#27;[0m &amp#27;[90m# steps.AuthSteps.iRegisterAUserWithEmailAndPassword(java.lang.String,java.lang.String)&amp#27;[0m
  -> Storing registration result in auth service
    -> Registration data stored in auth service
  &amp#27;[32mAnd &amp#27;[0m&amp#27;[32mI store the registration result in auth service&amp#27;[0m                                     &amp#27;[90m# steps.SystemIntegrationSteps.iStoreTheRegistrationResultInAuthService()&amp#27;[0m
  -> Creating user profile using registration data
>>> POST /api/users
<<< ERROR (401)
    {"error":"Missing API key.","how_to_get_one":"https://reqres.in/signup"}

Failed to create user. Status code: 401
    -> Profile creation failed (expected for demo API), using local storage
  &amp#27;[32mAnd &amp#27;[0m&amp#27;[32mI create a user profile using the registration data&amp#27;[0m                                 &amp#27;[90m# steps.SystemIntegrationSteps.iCreateAUserProfileUsingTheRegistrationData()&amp#27;[0m
  -> SUCCESS: Auth service contains user registration
  &amp#27;[32mThen &amp#27;[0m&amp#27;[32mthe auth service should contain the user registration&amp#27;[0m                              &amp#27;[90m# steps.SystemIntegrationSteps.theAuthServiceShouldContainTheUserRegistration()&amp#27;[0m
  -> SUCCESS: User service contains profile data
  &amp#27;[32mAnd &amp#27;[0m&amp#27;[32mthe user service should contain the profile data&amp#27;[0m                                    &amp#27;[90m# steps.SystemIntegrationSteps.theUserServiceShouldContainTheProfileData()&amp#27;[0m
  -> SUCCESS: Both services have consistent user information
  &amp#27;[32mAnd &amp#27;[0m&amp#27;[32mboth services should have consistent user information&amp#27;[0m                               &amp#27;[90m# steps.SystemIntegrationSteps.bothServicesShouldHaveConsistentUserInformation()&amp#27;[0m

------------------------------------------------------------
RESULT: PASSED - User Registration and Profile Creation Flow
STATUS: PASSED
------------------------------------------------------------

]]></system-out>
    <system-err><![CDATA[Jun 16, 2025 8:36:00 PM io.cucumber.junit.platform.engine.DiscoverySelectorResolver warnWhenCucumberFeaturesPropertyIsUsed
WARNING: Discovering tests using the cucumber.features property. Other discovery selectors are ignored!

This is a work around for the limited JUnit 5 support in Maven and Gradle. Please request/upvote/sponsor/ect better support for JUnit 5 discovery selectors. For details see: https://github.com/cucumber/cucumber-jvm/pull/2498

If you are using the JUnit 5 Suite Engine, Platform Launcher API or Console Launcher you should not use this property. Please consult the JUnit 5 documentation on test selection.
]]></system-err>
  </testcase>
  <testcase name="System Integration Tests - Multi-Service Workflows - Authentication Token Management and User Data Sync" classname="System Integration Tests - Multi-Service Workflows" time="0.071">
    <system-out><![CDATA[
@system @token_management
Scenario: Authentication Token Management and User Data Sync                  &amp#27;[90m# src/test/resources/features/system/system_integration_tests.feature:14&amp#27;[0m

============================================================
STARTING: Authentication Token Management and User Data Sync
Feature: system/system_integration_tests.feature
Tags: [@system, @token_management]
============================================================
  -> Clearing all system data
  &amp#27;[32mGiven &amp#27;[0m&amp#27;[32mI clear all system data&amp#27;[0m                                               &amp#27;[90m# steps.SystemIntegrationSteps.iClearAllSystemData()&amp#27;[0m
  -> Registering system user: token.user@reqres.in
  &amp#27;[32mWhen &amp#27;[0m&amp#27;[32mI register system user &amp#27;[0m&amp#27;[32m&amp#27;[1m"token.user@reqres.in"&amp#27;[0m&amp#27;[32m with password &amp#27;[0m&amp#27;[32m&amp#27;[1m"token123"&amp#27;[0m &amp#27;[90m# steps.SystemIntegrationSteps.iRegisterSystemUserWithPassword(java.lang.String,java.lang.String)&amp#27;[0m
  -> Encrypting and storing authentication token
    -> Token encrypted and stored successfully
  &amp#27;[32mAnd &amp#27;[0m&amp#27;[32mI encrypt and store the authentication token&amp#27;[0m                            &amp#27;[90m# steps.SystemIntegrationSteps.iEncryptAndStoreTheAuthenticationToken()&amp#27;[0m
  -> Using encrypted token to create user profile data
    -> User profile created and linked to encrypted token
  &amp#27;[32mAnd &amp#27;[0m&amp#27;[32mI use the encrypted token to create user profile data&amp#27;[0m                   &amp#27;[90m# steps.SystemIntegrationSteps.iUseTheEncryptedTokenToCreateUserProfileData()&amp#27;[0m
  -> SUCCESS: Token properly encrypted in storage
  &amp#27;[32mThen &amp#27;[0m&amp#27;[32mthe token should be properly encrypted in storage&amp#27;[0m                      &amp#27;[90m# steps.SystemIntegrationSteps.theTokenShouldBeProperlyEncryptedInStorage()&amp#27;[0m
  -> SUCCESS: Token decrypted and validated successfully
  &amp#27;[32mAnd &amp#27;[0m&amp#27;[32mI should be able to decrypt and validate the token&amp#27;[0m                      &amp#27;[90m# steps.SystemIntegrationSteps.iShouldBeAbleToDecryptAndValidateTheToken()&amp#27;[0m
  -> SUCCESS: User profile linked to encrypted token
  &amp#27;[32mAnd &amp#27;[0m&amp#27;[32mthe user profile should be linked to the encrypted token&amp#27;[0m                &amp#27;[90m# steps.SystemIntegrationSteps.theUserProfileShouldBeLinkedToTheEncryptedToken()&amp#27;[0m

------------------------------------------------------------
RESULT: PASSED - Authentication Token Management and User Data Sync
STATUS: PASSED
------------------------------------------------------------

]]></system-out>
  </testcase>
  <testcase name="System Integration Tests - Multi-Service Workflows - Multi-Service Data Consistency Validation" classname="System Integration Tests - Multi-Service Workflows" time="0.078">
    <system-out><![CDATA[
@system @data_consistency
Scenario: Multi-Service Data Consistency Validation                             &amp#27;[90m# src/test/resources/features/system/system_integration_tests.feature:24&amp#27;[0m

============================================================
STARTING: Multi-Service Data Consistency Validation
Feature: system/system_integration_tests.feature
Tags: [@system, @data_consistency]
============================================================
  -> Clearing all system data
  &amp#27;[32mGiven &amp#27;[0m&amp#27;[32mI clear all system data&amp#27;[0m                                                 &amp#27;[90m# steps.SystemIntegrationSteps.iClearAllSystemData()&amp#27;[0m
  -> Creating test data in auth service for: consistency.user@reqres.in
    -> Test data created in auth service
  &amp#27;[32mWhen &amp#27;[0m&amp#27;[32mI create test data in auth service for user &amp#27;[0m&amp#27;[32m&amp#27;[1m"consistency.user@reqres.in"&amp#27;[0m &amp#27;[90m# steps.SystemIntegrationSteps.iCreateTestDataInAuthServiceForUser(java.lang.String)&amp#27;[0m
  -> Creating corresponding profile data in user service
    -> Profile data created in user service
  &amp#27;[32mAnd &amp#27;[0m&amp#27;[32mI create corresponding profile data in user service&amp#27;[0m                       &amp#27;[90m# steps.SystemIntegrationSteps.iCreateCorrespondingProfileDataInUserService()&amp#27;[0m
  -> Updating user information in both services
    -> User information updated in both services
  &amp#27;[32mAnd &amp#27;[0m&amp#27;[32mI update the user information in both services&amp#27;[0m                            &amp#27;[90m# steps.SystemIntegrationSteps.iUpdateTheUserInformationInBothServices()&amp#27;[0m
  -> SUCCESS: Both services maintain data consistency
  &amp#27;[32mThen &amp#27;[0m&amp#27;[32mboth services should maintain data consistency&amp#27;[0m                           &amp#27;[90m# steps.SystemIntegrationSteps.bothServicesShouldMaintainDataConsistency()&amp#27;[0m
  -> SUCCESS: Data properly synchronized between services
  &amp#27;[32mAnd &amp#27;[0m&amp#27;[32mthe data should be properly synchronized between services&amp#27;[0m                 &amp#27;[90m# steps.SystemIntegrationSteps.theDataShouldBeProperlySynchronizedBetweenServices()&amp#27;[0m
  -> SUCCESS: No data corruption occurred during updates
  &amp#27;[32mAnd &amp#27;[0m&amp#27;[32mno data corruption should occur during updates&amp#27;[0m                            &amp#27;[90m# steps.SystemIntegrationSteps.noDataCorruptionShouldOccurDuringUpdates()&amp#27;[0m

------------------------------------------------------------
RESULT: PASSED - Multi-Service Data Consistency Validation
STATUS: PASSED
------------------------------------------------------------

]]></system-out>
  </testcase>
  <testcase name="System Integration Tests - Multi-Service Workflows - Error Handling Across Services" classname="System Integration Tests - Multi-Service Workflows" time="1.099">
    <system-out><![CDATA[
@system @error_handling
Scenario: Error Handling Across Services                   &amp#27;[90m# src/test/resources/features/system/system_integration_tests.feature:34&amp#27;[0m

============================================================
STARTING: Error Handling Across Services
Feature: system/system_integration_tests.feature
Tags: [@system, @error_handling]
============================================================
  -> Clearing all system data
  &amp#27;[32mGiven &amp#27;[0m&amp#27;[32mI clear all system data&amp#27;[0m                            &amp#27;[90m# steps.SystemIntegrationSteps.iClearAllSystemData()&amp#27;[0m
  -> Attempting operations that will fail in auth service
>>> POST /api/login
<<< ERROR (401)
    {"error":"Missing API key.","how_to_get_one":"https://reqres.in/signup"}

Login failed: Missing API key.
    -> Auth service operations attempted
  &amp#27;[32mWhen &amp#27;[0m&amp#27;[32mI attempt operations that will fail in auth service&amp#27;[0m &amp#27;[90m# steps.SystemIntegrationSteps.iAttemptOperationsThatWillFailInAuthService()&amp#27;[0m
  -> Attempting operations that will fail in user service
>>> POST /api/users
<<< ERROR (401)
    {"error":"Missing API key.","how_to_get_one":"https://reqres.in/signup"}

Failed to create user. Status code: 401
    -> User error handled: Failed to create user: 401
    -> User service operations attempted
  &amp#27;[32mAnd &amp#27;[0m&amp#27;[32mI attempt operations that will fail in user service&amp#27;[0m  &amp#27;[90m# steps.SystemIntegrationSteps.iAttemptOperationsThatWillFailInUserService()&amp#27;[0m
  -> SUCCESS: Auth service handles errors gracefully: Unexpected success
  &amp#27;[32mThen &amp#27;[0m&amp#27;[32mthe auth service should handle errors gracefully&amp#27;[0m    &amp#27;[90m# steps.SystemIntegrationSteps.theAuthServiceShouldHandleErrorsGracefully()&amp#27;[0m
  -> SUCCESS: User service handles errors gracefully: Failed to create user: 401
  &amp#27;[32mAnd &amp#27;[0m&amp#27;[32mthe user service should handle errors gracefully&amp#27;[0m     &amp#27;[90m# steps.SystemIntegrationSteps.theUserServiceShouldHandleErrorsGracefully()&amp#27;[0m
  -> SUCCESS: No corrupted data stored in either service
  &amp#27;[32mAnd &amp#27;[0m&amp#27;[32mno corrupted data should be stored in either service&amp#27;[0m &amp#27;[90m# steps.SystemIntegrationSteps.noCorruptedDataShouldBeStoredInEitherService()&amp#27;[0m
  -> SUCCESS: System maintains data integrity
  &amp#27;[32mAnd &amp#27;[0m&amp#27;[32mthe system should maintain data integrity&amp#27;[0m            &amp#27;[90m# steps.SystemIntegrationSteps.theSystemShouldMaintainDataIntegrity()&amp#27;[0m

------------------------------------------------------------
RESULT: PASSED - Error Handling Across Services
STATUS: PASSED
------------------------------------------------------------

]]></system-out>
  </testcase>
  <testcase name="System Integration Tests - Multi-Service Workflows - Data Persistence and Service Integration" classname="System Integration Tests - Multi-Service Workflows" time="0.054">
    <system-out><![CDATA[
@system @data_persistence
Scenario: Data Persistence and Service Integration       &amp#27;[90m# src/test/resources/features/system/system_integration_tests.feature:44&amp#27;[0m

============================================================
STARTING: Data Persistence and Service Integration
Feature: system/system_integration_tests.feature
Tags: [@system, @data_persistence]
============================================================
  -> Clearing all system data
  &amp#27;[32mGiven &amp#27;[0m&amp#27;[32mI clear all system data&amp#27;[0m                          &amp#27;[90m# steps.SystemIntegrationSteps.iClearAllSystemData()&amp#27;[0m
  -> Performing complete user workflow
    -> Step 1: auth - register
    -> Step 2: auth - encrypt_token
    -> Step 3: user - create_profile
    -> Step 4: user - update_profile
    -> Step 5: auth - validate_token
  &amp#27;[32mWhen &amp#27;[0m&amp#27;[32mI perform a complete user workflow:&amp#27;[0m               &amp#27;[90m# steps.SystemIntegrationSteps.iPerformACompleteUserWorkflow(io.cucumber.datatable.DataTable)&amp#27;[0m
    | step | service | action         | data                       |
    | 1    | auth    | register       | user.persistence@reqres.in |
    | 2    | auth    | encrypt_token  | registration_token         |
    | 3    | user    | create_profile | user_profile_data          |
    | 4    | user    | update_profile | updated_profile_data       |
    | 5    | auth    | validate_token | encrypted_token            |
  -> SUCCESS: All 5 workflow steps completed successfully
  &amp#27;[32mThen &amp#27;[0m&amp#27;[32mall workflow steps should complete successfully&amp#27;[0m   &amp#27;[90m# steps.SystemIntegrationSteps.allWorkflowStepsShouldCompleteSuccessfully()&amp#27;[0m
  -> SUCCESS: Data persists correctly in both services
  &amp#27;[32mAnd &amp#27;[0m&amp#27;[32mdata should persist correctly in both services&amp#27;[0m     &amp#27;[90m# steps.SystemIntegrationSteps.dataShouldPersistCorrectlyInBothServices()&amp#27;[0m
  -> SUCCESS: Services maintain referential integrity
  &amp#27;[32mAnd &amp#27;[0m&amp#27;[32mthe services should maintain referential integrity&amp#27;[0m &amp#27;[90m# steps.SystemIntegrationSteps.theServicesShouldMaintainReferentialIntegrity()&amp#27;[0m

------------------------------------------------------------
RESULT: PASSED - Data Persistence and Service Integration
STATUS: PASSED
------------------------------------------------------------

]]></system-out>
  </testcase>
  <testcase name="System Integration Tests - Multi-Service Workflows - Service Layer Separation and Token Security" classname="System Integration Tests - Multi-Service Workflows" time="0.062">
    <system-out><![CDATA[
@system @service_separation
Scenario: Service Layer Separation and Token Security                  &amp#27;[90m# src/test/resources/features/system/system_integration_tests.feature:58&amp#27;[0m

============================================================
STARTING: Service Layer Separation and Token Security
Feature: system/system_integration_tests.feature
Tags: [@system, @service_separation]
============================================================
  -> Clearing all system data
  &amp#27;[32mGiven &amp#27;[0m&amp#27;[32mI clear all system data&amp#27;[0m                                        &amp#27;[90m# steps.SystemIntegrationSteps.iClearAllSystemData()&amp#27;[0m
  -> Registering user through auth facade: separation.user@reqres.in
    -> Auth facade used for registration
  &amp#27;[32mWhen &amp#27;[0m&amp#27;[32mI register user &amp#27;[0m&amp#27;[32m&amp#27;[1m"separation.user@reqres.in"&amp#27;[0m&amp#27;[32m through auth facade&amp#27;[0m &amp#27;[90m# steps.SystemIntegrationSteps.iRegisterUserThroughAuthFacade(java.lang.String)&amp#27;[0m
  -> Creating user profile through user facade
    -> User facade used for profile creation
  &amp#27;[32mAnd &amp#27;[0m&amp#27;[32mI create user profile through user facade&amp#27;[0m                        &amp#27;[90m# steps.SystemIntegrationSteps.iCreateUserProfileThroughUserFacade()&amp#27;[0m
  -> Verifying token encryption through auth data service
    -> Auth data service used for token encryption
  &amp#27;[32mAnd &amp#27;[0m&amp#27;[32mI verify token encryption through auth data service&amp#27;[0m              &amp#27;[90m# steps.SystemIntegrationSteps.iVerifyTokenEncryptionThroughAuthDataService()&amp#27;[0m
  -> Verifying profile storage through user data service
    -> User data service used for profile storage
  &amp#27;[32mAnd &amp#27;[0m&amp#27;[32mI verify profile storage through user data service&amp#27;[0m               &amp#27;[90m# steps.SystemIntegrationSteps.iVerifyProfileStorageThroughUserDataService()&amp#27;[0m
  -> SUCCESS: Auth facade handles only authentication concerns
  &amp#27;[32mThen &amp#27;[0m&amp#27;[32mthe auth facade should only handle authentication concerns&amp#27;[0m      &amp#27;[90m# steps.SystemIntegrationSteps.theAuthFacadeShouldOnlyHandleAuthenticationConcerns()&amp#27;[0m
  -> SUCCESS: User facade handles only user management concerns
  &amp#27;[32mAnd &amp#27;[0m&amp#27;[32mthe user facade should only handle user management concerns&amp#27;[0m      &amp#27;[90m# steps.SystemIntegrationSteps.theUserFacadeShouldOnlyHandleUserManagementConcerns()&amp#27;[0m
  -> SUCCESS: Data services are properly separated
  &amp#27;[32mAnd &amp#27;[0m&amp#27;[32mthe data services should be properly separated&amp#27;[0m                   &amp#27;[90m# steps.SystemIntegrationSteps.theDataServicesShouldBeProperlySeparated()&amp#27;[0m
  -> SUCCESS: Token security maintained throughout the process
  &amp#27;[32mAnd &amp#27;[0m&amp#27;[32mtoken security should be maintained throughout the process&amp#27;[0m       &amp#27;[90m# steps.SystemIntegrationSteps.tokenSecurityShouldBeMaintainedThroughoutTheProcess()&amp#27;[0m

------------------------------------------------------------
RESULT: PASSED - Service Layer Separation and Token Security
STATUS: PASSED
------------------------------------------------------------

]]></system-out>
  </testcase>
</testsuite>